# This file was automatically created by FeynRules 2.1.7
# Mathematica version: 8.0 for Mac OS X x86 (64-bit) (November 6, 2010)
# Date: Fri 29 Nov 2013 11:45:21


# 
# This is the logfile for the model EWdim6

# Authors: C. Degrande
# Model version: 1.1
# Checking the Quantum numbers
   * Electric charge defined.
# Checking the Lagrangians
   * All Lagrangians are ok.
#
# Particle definitions
#

   * No particles removed. All particles correspond to GenInt setup.

# Automatically assigned PDG numbers
   * Assigned PDG number 9000001 to particle ghA
   * Assigned PDG number 9000002 to particle ghZ
   * Assigned PDG number 9000003 to particle ghWp
   * Assigned PDG number 9000004 to particle ghWm


# Compulsory PDG codes:
   * Class SM leptons complete.
   * Class SM neutrinos complete.
   * Class SM quarks complete.
   * Class SM gauge bosons complete.
#
# Parameter definitions
#

   * Parameter CWWWL2 has no value. Default value 1 assigned.
   * Parameter CWL2 has no value. Default value 1 assigned.
   * Parameter CBL2 has no value. Default value 1 assigned.
   * Parameter CPWWWL2 has no value. Default value 1 assigned.
   * Parameter CPWL2 has no value. Default value 1 assigned.
   * Parameter CphidL2 has no value. Default value 1 assigned.
   * Parameter CphiWL2 has no value. Default value 1 assigned.
   * Parameter CphiBL2 has no value. Default value 1 assigned.
   * Parameter lam has no value. Default value 1 assigned.
   * Parameter muH has no value. Default value 1 assigned.


# Vertices
   * Calling FeynmanRules for 1 Lagrangians.
   * Number of classes vertices: 242
   * Number of flavored vertices: 238
   * Saved vertices in InterfaceRun[ 1 ].
   * Checked QNumber conservation.
      - Quantum number GhostNumber conserved in all vertices.
      - Quantum number LeptonNumber conserved in all vertices.
      - Quantum number Q conserved in all vertices.
      - Quantum number Y conserved in all vertices.
   * particles.py written.
   * parameters.py written.
#
# Vertex definitions
#

   * 221 vertices written.
   * vertices.py written.
#
# Lorentz structure definitions
#

   * 152 lorentz structures written.
   * lorentz.py written.
#
# Coupling definitions
#

   * 327 couplings written.
   * couplings.py written.
#
# Coupling order definitions
#

   * 0 couplings orders written.
   * coupling_orders.py written.
#
# Decay definitions
#

   * 6 decays written.
   * decay.py not written
#
# CTCoupling definitions
#

   * 177 CTcouplings written.
   * CT_couplings.py written.
#
# CTVertex definitions
#

   * 93 CTvertices written.
   * CT_vertices.py written.
