Starting job on  Wed Jul 17 13:05:19 CDT 2019
Running on  Linux login.uscms.org 4.9.120-1.ultra.el6.x86_64 #1 SMP Fri Aug 17 10:19:23 CDT 2018 x86_64 x86_64 x86_64 GNU/Linux
System release  Scientific Linux release 6.10 (Carbon)
name: aTGCstudy_cpodd_ww_wvmass600to800
carddir: cards/production/pre2017/13TeV/WVTolnujj_cpodd/aTGCstudy_cpodd_ww_wvmass600to800
queue: condor
scram_arch: slc6_amd64_gcc630
cmssw_version: CMSSW_9_3_8
Reusing existing directory assuming generated code already exists
WARNING: If you changed the process card you need to clean the folder and run from scratch
Reusing existing process directory - be careful!
copying generated process to working directory

        WARNING: You've chosen not to use the PDF sets recommended for 2017 production!
        If this isn't intentional, and you prefer to use the recommended sets,
        insert the following lines into your process-name_run_card.dat:

            '$DEFAULT_PDF_SETS = lhaid'
            '$DEFAULT_PDF_MEMBERS = reweight_PDF'
        
copying run_card.dat file
copying custom cuts.f file
copying custom reweight file
starting NLO mode
preparing reweighting step
preparing reweighting step
[?1034hRunning MG5 in debug mode
No module named madgraph
INFO: ************************************************************
*                                                          *
*           W E L C O M E  to  M A D G R A P H 5           *
*                       a M C @ N L O                      *
*                                                          *
*                 *                       *                *
*                   *        * *        *                  *
*                     * * * * 5 * * * *                    *
*                   *        * *        *                  *
*                 *                       *                *
*                                                          *
*         VERSION 5.2.6.0               20xx-xx-xx         *
*                                                          *
*    The MadGraph5_aMC@NLO Development Team - Find us at   *
*                 http://amcatnlo.cern.ch                  *
*                                                          *
*               Type 'help' for in-line help.              *
*                                                          *
************************************************************ 
INFO: load configuration from /local-scratch/ksiehl/genproductions/bin/MadGraph5_aMCatNLO/aTGCstudy_cpodd_ww_wvmass600to800/aTGCstudy_cpodd_ww_wvmass600to800_gridpack/work/processtmp/Cards/amcatnlo_configuration.txt  
INFO: load configuration from /local-scratch/ksiehl/genproductions/bin/MadGraph5_aMCatNLO/aTGCstudy_cpodd_ww_wvmass600to800/aTGCstudy_cpodd_ww_wvmass600to800_gridpack/work/MG5_aMC_v2_6_0/input/mg5_configuration.txt  
INFO: load configuration from /local-scratch/ksiehl/genproductions/bin/MadGraph5_aMCatNLO/aTGCstudy_cpodd_ww_wvmass600to800/aTGCstudy_cpodd_ww_wvmass600to800_gridpack/work/processtmp/Cards/amcatnlo_configuration.txt  
Using default text editor "vi". Set another one in ./input/mg5_configuration.txt
No valid eps viewer found. Please set in ./input/mg5_configuration.txt
No valid web browser found. Please set in ./input/mg5_configuration.txt
[1;34mPlugin PLUGIN.CMS_CLUSTER has marked as NOT being validated with this version. 
It has been validated for the last time with version: 2.6.0[0m
[1;60mINFO: cluster handling will be done with PLUGIN: CMS_CLUSTER [0m
[1;60mINFO: cluster handling will be done with PLUGIN: CMS_CLUSTER [0m
reweight pilotrun
Do you want to edit a card (press enter to bypass editing)?
/------------------------------------------------------------\
|  [31m1[0m. reweight : [32mreweight_card.dat[0m                           |
\------------------------------------------------------------/
 you can also
   - enter the path to a valid card.
 [[4m0[0m, done, 1, reweight, enter path][90s to answer] 
>INFO: Update the dependent parameter of the param_card.dat 
[1;32mDEBUG: [?1034hNo module named madgraph [0m
[1;32mDEBUG: /local-scratch/ksiehl/genproductions/bin/MadGraph5_aMCatNLO/aTGCstudy_cpodd_ww_wvmass600to800/aTGCstudy_cpodd_ww_wvmass600to800_gridpack/work/processtmp/bin/internal/me5_logging.conf [0m
[1;32mDEBUG: INFO: ************************************************************ [0m
[1;32mDEBUG: *                                                          * [0m
[1;32mDEBUG: *           W E L C O M E  to  M A D G R A P H 5           * [0m
[1;32mDEBUG: *                       a M C @ N L O                      * [0m
[1;32mDEBUG: *                                                          * [0m
[1;32mDEBUG: *                 *                       *                * [0m
[1;32mDEBUG: *                   *        * *        *                  * [0m
[1;32mDEBUG: *                     * * * * 5 * * * *                    * [0m
[1;32mDEBUG: *                   *        * *        *                  * [0m
[1;32mDEBUG: *                 *                       *                * [0m
[1;32mDEBUG: *                                                          * [0m
[1;32mDEBUG: *         VERSION 5.2.6.0               20xx-xx-xx         * [0m
[1;32mDEBUG: *                                                          * [0m
[1;32mDEBUG: *    The MadGraph5_aMC@NLO Development Team - Find us at   * [0m
[1;32mDEBUG: *                 http://amcatnlo.cern.ch                  * [0m
[1;32mDEBUG: *                                                          * [0m
[1;32mDEBUG: *               Type 'help' for in-line help.              * [0m
[1;32mDEBUG: *                                                          * [0m
[1;32mDEBUG: ************************************************************  [0m
REWEIGHT: load configuration from /local-scratch/ksiehl/genproductions/bin/MadGraph5_aMCatNLO/aTGCstudy_cpodd_ww_wvmass600to800/aTGCstudy_cpodd_ww_wvmass600to800_gridpack/work/processtmp/Cards/amcatnlo_configuration.txt  
REWEIGHT: load configuration from /local-scratch/ksiehl/genproductions/bin/MadGraph5_aMCatNLO/aTGCstudy_cpodd_ww_wvmass600to800/aTGCstudy_cpodd_ww_wvmass600to800_gridpack/work/MG5_aMC_v2_6_0/input/mg5_configuration.txt  
REWEIGHT: load configuration from /local-scratch/ksiehl/genproductions/bin/MadGraph5_aMCatNLO/aTGCstudy_cpodd_ww_wvmass600to800/aTGCstudy_cpodd_ww_wvmass600to800_gridpack/work/processtmp/Cards/amcatnlo_configuration.txt  
[1;32mDEBUG: Using default text editor "vi". Set another one in ./input/mg5_configuration.txt [0m
[1;32mDEBUG: No valid eps viewer found. Please set in ./input/mg5_configuration.txt [0m
[1;32mDEBUG: No valid web browser found. Please set in ./input/mg5_configuration.txt [0m
[1;32mDEBUG: [1;34mPlugin PLUGIN.CMS_CLUSTER has marked as NOT being validated with this version.  [0m
[1;32mDEBUG: It has been validated for the last time with version: 2.6.0[0m [0m
[1;60mREWEIGHT: cluster handling will be done with PLUGIN: CMS_CLUSTER [0m
[1;60mREWEIGHT: cluster handling will be done with PLUGIN: CMS_CLUSTER [0m
[1;32mDEBUG: reweight pilotrun -from_cards [0m
[1;32mDEBUG: [1;31mCommand "reweight pilotrun -from_cards" interrupted with error: [0m
[1;32mDEBUG: InvalidCmd : No events file corresponding to pilotrun run.  [0m
[1;32mDEBUG: Please report this bug on https://bugs.launchpad.net/mg5amcnlo [0m
[1;32mDEBUG: More information is found in '/local-scratch/ksiehl/genproductions/bin/MadGraph5_aMCatNLO/aTGCstudy_cpodd_ww_wvmass600to800/aTGCstudy_cpodd_ww_wvmass600to800_gridpack/work/processtmp/pilotrun_tag_1_debug.log'. [0m
[1;32mDEBUG: Please attach this file to your report.[0m [0m
[1;32mDEBUG: quit [0m
REWEIGHT:  
[1;32mDEBUG:   [0m
quit
INFO:  
 
finished pilot run
